<?xml version="1.0" encoding="UTF-8"?>
<!-- Generated by org.testng.reporters.JUnitReportReporter -->
<testsuite hostname="LAPTOP-6B0JQ6BE" failures="0" tests="1" name="Test_Cases.ExerciceOpenC" time="0.007" errors="0" timestamp="2023-04-19T14:01:36 HAE" skipped="0">
  <testcase classname="Test_Cases.ExerciceOpenC" name="ActionsMethod" time="0.007"/>
  <system-out/>
</testsuite> <!-- Test_Cases.ExerciceOpenC -->
