<?xml version="1.0" encoding="UTF-8"?>
<!-- Generated by org.testng.reporters.JUnitReportReporter -->
<testsuite hostname="LAPTOP-6B0JQ6BE" failures="0" tests="1" name="Test_Cases.ExerciceOpen" time="43.246" errors="0" timestamp="2023-04-19T17:14:35 HAE" skipped="0">
  <testcase classname="Test_Cases.ExerciceOpen" name="test_End_to_End" time="43.246"/>
  <system-out/>
</testsuite> <!-- Test_Cases.ExerciceOpen -->
